#-----------------------------------------------------------
# Vivado v2019.1.1 (64-bit)
# SW Build 2580384 on Sat Jun 29 08:04:45 MDT 2019
# IP Build 2579722 on Sat Jun 29 11:35:40 MDT 2019
# Start of session at: Mon Jul  8 19:09:08 2019
# Process ID: 27439
# Current directory: /home/schulz/OneDrive/home/Projects/zedboard/zedboard-camera
# Command line: vivado
# Log file: /home/schulz/OneDrive/home/Projects/zedboard/zedboard-camera/vivado.log
# Journal file: /home/schulz/OneDrive/home/Projects/zedboard/zedboard-camera/vivado.jou
#-----------------------------------------------------------
start_gui
open_project /home/schulz/OneDrive/home/Projects/zedboard/zedboard-camera/hardware/zedcam/zedcam.xpr
Scanning sources...
Finished scanning sources
INFO: [IP_Flow 19-234] Refreshing IP repositories
INFO: [IP_Flow 19-1700] Loaded user IP repository '/home/schulz/OneDrive/home/Projects/zedboard/zedboard-camera/hardware/zedcam/src/axi_interface_2.37a'.
INFO: [IP_Flow 19-2313] Loaded Vivado IP repository '/opt/Xilinx/Vivado/2019.1/data/ip'.
WARNING: [IP_Flow 19-3664] IP 'design_1_blk_mem_gen_0_0' generated file not found '/home/schulz/OneDrive/home/Projects/zedboard/zedboard-camera/hardware/zedcam/zedcam.srcs/sources_1/bd/design_1/ip/design_1_blk_mem_gen_0_0/design_1_blk_mem_gen_0_0.dcp'. Please regenerate to continue.
WARNING: [IP_Flow 19-3664] IP 'design_1_blk_mem_gen_0_0' generated file not found '/home/schulz/OneDrive/home/Projects/zedboard/zedboard-camera/hardware/zedcam/zedcam.srcs/sources_1/bd/design_1/ip/design_1_blk_mem_gen_0_0/design_1_blk_mem_gen_0_0_stub.v'. Please regenerate to continue.
WARNING: [IP_Flow 19-3664] IP 'design_1_blk_mem_gen_0_0' generated file not found '/home/schulz/OneDrive/home/Projects/zedboard/zedboard-camera/hardware/zedcam/zedcam.srcs/sources_1/bd/design_1/ip/design_1_blk_mem_gen_0_0/design_1_blk_mem_gen_0_0_stub.vhdl'. Please regenerate to continue.
WARNING: [IP_Flow 19-3664] IP 'design_1_blk_mem_gen_0_0' generated file not found '/home/schulz/OneDrive/home/Projects/zedboard/zedboard-camera/hardware/zedcam/zedcam.srcs/sources_1/bd/design_1/ip/design_1_blk_mem_gen_0_0/design_1_blk_mem_gen_0_0_sim_netlist.v'. Please regenerate to continue.
WARNING: [IP_Flow 19-3664] IP 'design_1_blk_mem_gen_0_0' generated file not found '/home/schulz/OneDrive/home/Projects/zedboard/zedboard-camera/hardware/zedcam/zedcam.srcs/sources_1/bd/design_1/ip/design_1_blk_mem_gen_0_0/design_1_blk_mem_gen_0_0_sim_netlist.vhdl'. Please regenerate to continue.
WARNING: [IP_Flow 19-3664] IP 'design_1_axi_gpio_0_0' generated file not found '/home/schulz/OneDrive/home/Projects/zedboard/zedboard-camera/hardware/zedcam/zedcam.srcs/sources_1/bd/design_1/ip/design_1_axi_gpio_0_0/design_1_axi_gpio_0_0.dcp'. Please regenerate to continue.
WARNING: [IP_Flow 19-3664] IP 'design_1_axi_gpio_0_0' generated file not found '/home/schulz/OneDrive/home/Projects/zedboard/zedboard-camera/hardware/zedcam/zedcam.srcs/sources_1/bd/design_1/ip/design_1_axi_gpio_0_0/design_1_axi_gpio_0_0_stub.v'. Please regenerate to continue.
WARNING: [IP_Flow 19-3664] IP 'design_1_axi_gpio_0_0' generated file not found '/home/schulz/OneDrive/home/Projects/zedboard/zedboard-camera/hardware/zedcam/zedcam.srcs/sources_1/bd/design_1/ip/design_1_axi_gpio_0_0/design_1_axi_gpio_0_0_stub.vhdl'. Please regenerate to continue.
WARNING: [IP_Flow 19-3664] IP 'design_1_axi_gpio_0_0' generated file not found '/home/schulz/OneDrive/home/Projects/zedboard/zedboard-camera/hardware/zedcam/zedcam.srcs/sources_1/bd/design_1/ip/design_1_axi_gpio_0_0/design_1_axi_gpio_0_0_sim_netlist.v'. Please regenerate to continue.
WARNING: [IP_Flow 19-3664] IP 'design_1_axi_gpio_0_0' generated file not found '/home/schulz/OneDrive/home/Projects/zedboard/zedboard-camera/hardware/zedcam/zedcam.srcs/sources_1/bd/design_1/ip/design_1_axi_gpio_0_0/design_1_axi_gpio_0_0_sim_netlist.vhdl'. Please regenerate to continue.
WARNING: [IP_Flow 19-3664] IP 'design_1_rst_ps7_0_100M_0' generated file not found '/home/schulz/OneDrive/home/Projects/zedboard/zedboard-camera/hardware/zedcam/zedcam.srcs/sources_1/bd/design_1/ip/design_1_rst_ps7_0_100M_0/design_1_rst_ps7_0_100M_0.dcp'. Please regenerate to continue.
WARNING: [IP_Flow 19-3664] IP 'design_1_rst_ps7_0_100M_0' generated file not found '/home/schulz/OneDrive/home/Projects/zedboard/zedboard-camera/hardware/zedcam/zedcam.srcs/sources_1/bd/design_1/ip/design_1_rst_ps7_0_100M_0/design_1_rst_ps7_0_100M_0_stub.v'. Please regenerate to continue.
WARNING: [IP_Flow 19-3664] IP 'design_1_rst_ps7_0_100M_0' generated file not found '/home/schulz/OneDrive/home/Projects/zedboard/zedboard-camera/hardware/zedcam/zedcam.srcs/sources_1/bd/design_1/ip/design_1_rst_ps7_0_100M_0/design_1_rst_ps7_0_100M_0_stub.vhdl'. Please regenerate to continue.
WARNING: [IP_Flow 19-3664] IP 'design_1_rst_ps7_0_100M_0' generated file not found '/home/schulz/OneDrive/home/Projects/zedboard/zedboard-camera/hardware/zedcam/zedcam.srcs/sources_1/bd/design_1/ip/design_1_rst_ps7_0_100M_0/design_1_rst_ps7_0_100M_0_sim_netlist.v'. Please regenerate to continue.
WARNING: [IP_Flow 19-3664] IP 'design_1_rst_ps7_0_100M_0' generated file not found '/home/schulz/OneDrive/home/Projects/zedboard/zedboard-camera/hardware/zedcam/zedcam.srcs/sources_1/bd/design_1/ip/design_1_rst_ps7_0_100M_0/design_1_rst_ps7_0_100M_0_sim_netlist.vhdl'. Please regenerate to continue.
WARNING: [IP_Flow 19-3664] IP 'design_1_axi_gpio_1_0' generated file not found '/home/schulz/OneDrive/home/Projects/zedboard/zedboard-camera/hardware/zedcam/zedcam.srcs/sources_1/bd/design_1/ip/design_1_axi_gpio_1_0/design_1_axi_gpio_1_0.dcp'. Please regenerate to continue.
WARNING: [IP_Flow 19-3664] IP 'design_1_axi_gpio_1_0' generated file not found '/home/schulz/OneDrive/home/Projects/zedboard/zedboard-camera/hardware/zedcam/zedcam.srcs/sources_1/bd/design_1/ip/design_1_axi_gpio_1_0/design_1_axi_gpio_1_0_stub.v'. Please regenerate to continue.
WARNING: [IP_Flow 19-3664] IP 'design_1_axi_gpio_1_0' generated file not found '/home/schulz/OneDrive/home/Projects/zedboard/zedboard-camera/hardware/zedcam/zedcam.srcs/sources_1/bd/design_1/ip/design_1_axi_gpio_1_0/design_1_axi_gpio_1_0_stub.vhdl'. Please regenerate to continue.
WARNING: [IP_Flow 19-3664] IP 'design_1_axi_gpio_1_0' generated file not found '/home/schulz/OneDrive/home/Projects/zedboard/zedboard-camera/hardware/zedcam/zedcam.srcs/sources_1/bd/design_1/ip/design_1_axi_gpio_1_0/design_1_axi_gpio_1_0_sim_netlist.v'. Please regenerate to continue.
WARNING: [IP_Flow 19-3664] IP 'design_1_axi_gpio_1_0' generated file not found '/home/schulz/OneDrive/home/Projects/zedboard/zedboard-camera/hardware/zedcam/zedcam.srcs/sources_1/bd/design_1/ip/design_1_axi_gpio_1_0/design_1_axi_gpio_1_0_sim_netlist.vhdl'. Please regenerate to continue.
WARNING: [IP_Flow 19-3664] IP 'design_1_xbar_0' generated file not found '/home/schulz/OneDrive/home/Projects/zedboard/zedboard-camera/hardware/zedcam/zedcam.srcs/sources_1/bd/design_1/ip/design_1_xbar_0/design_1_xbar_0.dcp'. Please regenerate to continue.
WARNING: [IP_Flow 19-3664] IP 'design_1_xbar_0' generated file not found '/home/schulz/OneDrive/home/Projects/zedboard/zedboard-camera/hardware/zedcam/zedcam.srcs/sources_1/bd/design_1/ip/design_1_xbar_0/design_1_xbar_0_stub.v'. Please regenerate to continue.
WARNING: [IP_Flow 19-3664] IP 'design_1_xbar_0' generated file not found '/home/schulz/OneDrive/home/Projects/zedboard/zedboard-camera/hardware/zedcam/zedcam.srcs/sources_1/bd/design_1/ip/design_1_xbar_0/design_1_xbar_0_stub.vhdl'. Please regenerate to continue.
WARNING: [IP_Flow 19-3664] IP 'design_1_xbar_0' generated file not found '/home/schulz/OneDrive/home/Projects/zedboard/zedboard-camera/hardware/zedcam/zedcam.srcs/sources_1/bd/design_1/ip/design_1_xbar_0/design_1_xbar_0_sim_netlist.v'. Please regenerate to continue.
WARNING: [IP_Flow 19-3664] IP 'design_1_xbar_0' generated file not found '/home/schulz/OneDrive/home/Projects/zedboard/zedboard-camera/hardware/zedcam/zedcam.srcs/sources_1/bd/design_1/ip/design_1_xbar_0/design_1_xbar_0_sim_netlist.vhdl'. Please regenerate to continue.
WARNING: [IP_Flow 19-3664] IP 'design_1_auto_pc_0' generated file not found '/home/schulz/OneDrive/home/Projects/zedboard/zedboard-camera/hardware/zedcam/zedcam.srcs/sources_1/bd/design_1/ip/design_1_auto_pc_0/design_1_auto_pc_0.dcp'. Please regenerate to continue.
WARNING: [IP_Flow 19-3664] IP 'design_1_auto_pc_0' generated file not found '/home/schulz/OneDrive/home/Projects/zedboard/zedboard-camera/hardware/zedcam/zedcam.srcs/sources_1/bd/design_1/ip/design_1_auto_pc_0/design_1_auto_pc_0_stub.v'. Please regenerate to continue.
WARNING: [IP_Flow 19-3664] IP 'design_1_auto_pc_0' generated file not found '/home/schulz/OneDrive/home/Projects/zedboard/zedboard-camera/hardware/zedcam/zedcam.srcs/sources_1/bd/design_1/ip/design_1_auto_pc_0/design_1_auto_pc_0_stub.vhdl'. Please regenerate to continue.
WARNING: [IP_Flow 19-3664] IP 'design_1_auto_pc_0' generated file not found '/home/schulz/OneDrive/home/Projects/zedboard/zedboard-camera/hardware/zedcam/zedcam.srcs/sources_1/bd/design_1/ip/design_1_auto_pc_0/design_1_auto_pc_0_sim_netlist.v'. Please regenerate to continue.
WARNING: [IP_Flow 19-3664] IP 'design_1_auto_pc_0' generated file not found '/home/schulz/OneDrive/home/Projects/zedboard/zedboard-camera/hardware/zedcam/zedcam.srcs/sources_1/bd/design_1/ip/design_1_auto_pc_0/design_1_auto_pc_0_sim_netlist.vhdl'. Please regenerate to continue.
open_project: Time (s): cpu = 00:00:19 ; elapsed = 00:00:07 . Memory (MB): peak = 6616.062 ; gain = 124.617 ; free physical = 3204 ; free virtual = 8361
open_bd_design {/home/schulz/OneDrive/home/Projects/zedboard/zedboard-camera/hardware/zedcam/zedcam.srcs/sources_1/bd/design_1/design_1.bd}
Adding component instance block -- xilinx.com:ip:processing_system7:5.5 - processing_system7_0
Adding component instance block -- xilinx.com:module_ref:Counter:1.0 - Counter_0
Adding component instance block -- user.org:user:axi_interface:2.37a - axi_interface_0
Adding component instance block -- xilinx.com:module_ref:CSI_RX:1.0 - CSI_RX_0
Adding component instance block -- xilinx.com:module_ref:DFlipFlop:1.0 - DFlipFlop_0
Adding component instance block -- xilinx.com:module_ref:DFlipFlop:1.0 - DFlipFlop_1
Adding component instance block -- xilinx.com:module_ref:DFlipFlop:1.0 - DFlipFlop_2
Adding component instance block -- xilinx.com:ip:axi_gpio:2.0 - axi_gpio_0
Adding component instance block -- xilinx.com:ip:axi_gpio:2.0 - axi_gpio_1
Adding component instance block -- xilinx.com:ip:blk_mem_gen:8.4 - blk_mem_gen_0
Adding component instance block -- xilinx.com:ip:clk_wiz:6.0 - clk_wiz_0
Adding component instance block -- xilinx.com:ip:axi_interconnect:2.1 - ps7_0_axi_periph
Adding component instance block -- xilinx.com:ip:axi_crossbar:2.1 - xbar
Adding component instance block -- xilinx.com:ip:axi_protocol_converter:2.1 - auto_pc
Adding component instance block -- xilinx.com:ip:proc_sys_reset:5.0 - rst_ps7_0_100M
Adding component instance block -- xilinx.com:ip:xlconcat:2.1 - xlconcat_0
Adding component instance block -- xilinx.com:ip:xlconstant:1.1 - xlconstant_0
Adding component instance block -- xilinx.com:ip:xlconstant:1.1 - xlconstant_1
Adding component instance block -- xilinx.com:ip:xlslice:1.0 - xlslice_0
Adding component instance block -- xilinx.com:ip:xlslice:1.0 - xlslice_1
WARNING: [BD 41-1731] Type mismatch between connected pins: /CSI_RX_0/data_clk(clk) and /DFlipFlop_0/data_in(undef)
WARNING: [BD 41-1731] Type mismatch between connected pins: /DFlipFlop_0/data_out(undef) and /Counter_0/clk(clk)
WARNING: [BD 41-1731] Type mismatch between connected pins: /DFlipFlop_0/data_out(undef) and /blk_mem_gen_0/clka(clk)
WARNING: [BD 41-1731] Type mismatch between connected pins: /DFlipFlop_1/data_out(undef) and /Counter_0/rst(rst)
Successfully read diagram <design_1> from BD file </home/schulz/OneDrive/home/Projects/zedboard/zedboard-camera/hardware/zedcam/zedcam.srcs/sources_1/bd/design_1/design_1.bd>
open_bd_design: Time (s): cpu = 00:00:40 ; elapsed = 00:00:18 . Memory (MB): peak = 6824.207 ; gain = 184.199 ; free physical = 3100 ; free virtual = 8254
update_compile_order -fileset sources_1
make_wrapper -files [get_files /home/schulz/OneDrive/home/Projects/zedboard/zedboard-camera/hardware/zedcam/zedcam.srcs/sources_1/bd/design_1/design_1.bd] -top
launch_runs impl_1 -to_step write_bitstream -jobs 4
[Mon Jul  8 19:12:47 2019] Launched design_1_blk_mem_gen_0_0_synth_1, design_1_axi_gpio_0_0_synth_1, design_1_rst_ps7_0_100M_0_synth_1, design_1_axi_gpio_1_0_synth_1, design_1_xbar_0_synth_1, design_1_auto_pc_0_synth_1, synth_1...
Run output will be captured here:
design_1_blk_mem_gen_0_0_synth_1: /home/schulz/OneDrive/home/Projects/zedboard/zedboard-camera/hardware/zedcam/zedcam.runs/design_1_blk_mem_gen_0_0_synth_1/runme.log
design_1_axi_gpio_0_0_synth_1: /home/schulz/OneDrive/home/Projects/zedboard/zedboard-camera/hardware/zedcam/zedcam.runs/design_1_axi_gpio_0_0_synth_1/runme.log
design_1_rst_ps7_0_100M_0_synth_1: /home/schulz/OneDrive/home/Projects/zedboard/zedboard-camera/hardware/zedcam/zedcam.runs/design_1_rst_ps7_0_100M_0_synth_1/runme.log
design_1_axi_gpio_1_0_synth_1: /home/schulz/OneDrive/home/Projects/zedboard/zedboard-camera/hardware/zedcam/zedcam.runs/design_1_axi_gpio_1_0_synth_1/runme.log
design_1_xbar_0_synth_1: /home/schulz/OneDrive/home/Projects/zedboard/zedboard-camera/hardware/zedcam/zedcam.runs/design_1_xbar_0_synth_1/runme.log
design_1_auto_pc_0_synth_1: /home/schulz/OneDrive/home/Projects/zedboard/zedboard-camera/hardware/zedcam/zedcam.runs/design_1_auto_pc_0_synth_1/runme.log
synth_1: /home/schulz/OneDrive/home/Projects/zedboard/zedboard-camera/hardware/zedcam/zedcam.runs/synth_1/runme.log
[Mon Jul  8 19:12:48 2019] Launched impl_1...
Run output will be captured here: /home/schulz/OneDrive/home/Projects/zedboard/zedboard-camera/hardware/zedcam/zedcam.runs/impl_1/runme.log
open_run impl_1
INFO: [Device 21-403] Loading part xc7z020clg484-1
INFO: [Netlist 29-17] Analyzing 312 Unisim elements for replacement
INFO: [Netlist 29-28] Unisim Transformation completed in 0 CPU seconds
INFO: [Project 1-479] Netlist was created with Vivado 2019.1.1
INFO: [Project 1-570] Preparing netlist for logic optimization
INFO: [Timing 38-478] Restoring timing data from binary archive.
INFO: [Timing 38-479] Binary timing data restore complete.
INFO: [Project 1-856] Restoring constraints from binary archive.
INFO: [Constraints 18-5170] The checkpoint was created with non-default parameter values which do not match the current Vivado settings.  Mismatching parameters are:
  general.maxThreads
INFO: [Project 1-853] Binary constraint restore complete.
Reading XDEF placement.
Reading placer database...
Reading XDEF routing.
Read XDEF File: Time (s): cpu = 00:00:00.52 ; elapsed = 00:00:00.51 . Memory (MB): peak = 7585.852 ; gain = 0.000 ; free physical = 1955 ; free virtual = 7490
Restored from archive | CPU: 0.520000 secs | Memory: 5.399506 MB |
Finished XDEF File Restore: Time (s): cpu = 00:00:00.52 ; elapsed = 00:00:00.51 . Memory (MB): peak = 7585.852 ; gain = 0.000 ; free physical = 1955 ; free virtual = 7490
Netlist sorting complete. Time (s): cpu = 00:00:00 ; elapsed = 00:00:00 . Memory (MB): peak = 7585.852 ; gain = 0.000 ; free physical = 1956 ; free virtual = 7491
INFO: [Project 1-111] Unisim Transformation Summary:
  A total of 2 instances were transformed.
  IOBUF => IOBUF (IBUF, OBUFT): 2 instances

open_run: Time (s): cpu = 00:00:34 ; elapsed = 00:00:22 . Memory (MB): peak = 7789.543 ; gain = 962.160 ; free physical = 1840 ; free virtual = 7387
reset_run synth_1
launch_runs impl_1 -to_step write_bitstream -jobs 4
[Mon Jul  8 19:30:26 2019] Launched synth_1...
Run output will be captured here: /home/schulz/OneDrive/home/Projects/zedboard/zedboard-camera/hardware/zedcam/zedcam.runs/synth_1/runme.log
[Mon Jul  8 19:30:26 2019] Launched impl_1...
Run output will be captured here: /home/schulz/OneDrive/home/Projects/zedboard/zedboard-camera/hardware/zedcam/zedcam.runs/impl_1/runme.log
close_design
file mkdir /home/schulz/OneDrive/home/Projects/zedboard/zedboard-camera/hardware/zedcam/zedcam.sdk
file copy -force /home/schulz/OneDrive/home/Projects/zedboard/zedboard-camera/hardware/zedcam/zedcam.runs/impl_1/design_1_wrapper.sysdef /home/schulz/OneDrive/home/Projects/zedboard/zedboard-camera/hardware/zedcam/zedcam.sdk/design_1_wrapper.hdf

launch_sdk -workspace /home/schulz/OneDrive/home/Projects/zedboard/zedboard-camera/hardware/zedcam/zedcam.sdk -hwspec /home/schulz/OneDrive/home/Projects/zedboard/zedboard-camera/hardware/zedcam/zedcam.sdk/design_1_wrapper.hdf
INFO: [Vivado 12-393] Launching SDK...
INFO: [Vivado 12-417] Running xsdk -workspace /home/schulz/OneDrive/home/Projects/zedboard/zedboard-camera/hardware/zedcam/zedcam.sdk -hwspec /home/schulz/OneDrive/home/Projects/zedboard/zedboard-camera/hardware/zedcam/zedcam.sdk/design_1_wrapper.hdf
INFO: [Vivado 12-3157] SDK launch initiated. Please check console for any further messages.
exit
INFO: [Common 17-206] Exiting Vivado at Mon Jul  8 19:38:43 2019...
